<?xml version="1.0" encoding="UTF-8"?>
<!-- Generated by org.testng.reporters.JUnitReportReporter -->
<testsuite hostname="GW-DK-031.local" failures="0" tests="1" name="com.domain.api.tests.LoginTests" time="4.123" errors="0" timestamp="25 May 2018 11:45:21 GMT" skipped="0">
  <testcase classname="com.domain.api.tests.LoginTests" name="verify_login_to_the_application_using_valid_username_and_password" time="4.123"/>
</testsuite> <!-- com.domain.api.tests.LoginTests -->
